<?xml version="1.0" encoding="UTF-8" ?>
<testsuite errors="0" failures="0" hostname="fenn.encs.concordia.ca" name="org.netbeans.modules.compapp.catd.ConfiguredTest" skipped="0" tests="1" time="0.666" timestamp="2018-03-20T00:21:09">
  <properties>
    <property name="libs.jsp-compiler.javadoc" value="" />
    <property name="netbeans.autoupdate.country" value="CA" />
    <property name="com.sun.jbi.sa.internal.routing" value="true" />
    <property name="libs.Encoder-HL7.javadoc" value="" />
    <property name="libs.jsf20.maven-pom" value="" />
    <property name="source.root" value="src" />
    <property name="libs.junit.javadoc" value="/encs/pkg/openesb-3.0.5/root/OE-Studio/netbeans/java/docs/junit-3.8.2-api.zip" />
    <property name="libs.spring-webmvc4.0.src" value="" />
    <property name="ant.core.lib" value="/encs/pkg/openesb-3.0.5/root/OE-Studio/netbeans/extide/ant/lib/ant.jar" />
    <property name="libs.jsp-compilation.javadoc" value="" />
    <property name="user.dir" value="/nfs/home/s/s_jashan/NetBeansProjects/AirportInfoServicesCA" />
    <property name="libs.javaee-api-7.0.src" value="" />
    <property name="java.vm.version" value="25.161-b12" />
    <property name="libs.MySQLDriver.classpath" value="/encs/pkg/openesb-3.0.5/root/OE-Studio/netbeans/ide/modules/ext/mysql-connector-java-5.1.23-bin.jar" />
    <property name="jbi.content.additional" value="../AirportInfoServices/build/SEDeployment.jar" />
    <property name="libs.eclipselinkmodelgen.src" value="" />
    <property name="netbeans.autoupdate.version" value="1.23" />
    <property name="netbeans.running.environment" value="gnome" />
    <property name="libs.javaee-web-api-6.0.classpath" value="/encs/pkg/openesb-3.0.5/root/OE-Studio/netbeans/enterprise/modules/ext/javaee-web-api-6.0.jar" />
    <property name="jdk.home" value="/encs/pkg/jdk-8/root" />
    <property name="libs.javac-api.src" value="" />
    <property name="xml.module.install.dir" value="/encs/pkg/openesb-3.0.5/root/OE-Studio/netbeans/soa/modules" />
    <property name="libs.jpa2-persistence.classpath" value="/encs/pkg/openesb-3.0.5/root/OE-Studio/netbeans/java/modules/ext/hibernate4/hibernate-jpa-2.1-api-1.0.0.Final.jar" />
    <property name="sun.os.patch.level" value="unknown" />
    <property name="java.vm.specification.name" value="Java Virtual Machine Specification" />
    <property name="libs.Encoder-Custom.javadoc" value="" />
    <property name="nb.show.statistics.ui" value="usageStatisticsEnabled" />
    <property name="netbeans.autoupdate.variant" value="" />
    <property name="have.tests" value="true" />
    <property name="org.xml.sax.driver" value="com.sun.org.apache.xerces.internal.jaxp.SAXParserImpl$JAXPSAXParser" />
    <property name="j2ee.server.instance" value="openesb-standalone-deployer:home=/nettemp/OE-Instance&amp;" />
    <property name="libs.javac-api.javadoc" value="" />
    <property name="os.name" value="Linux" />
    <property name="esb.netbeans.platform" value="/encs/pkg/openesb-3.0.5/root/OE-Studio/netbeans/platform" />
    <property name="libs.beans-binding.classpath" value="/encs/pkg/openesb-3.0.5/root/OE-Studio/netbeans/java/modules/ext/beansbinding-1.2.1.jar" />
    <property name="libs.javaee-endorsed-api-7.0.maven-pom" value="" />
    <property name="libs.restapi.javadoc" value="" />
    <property name="libs.JWSAntTasks.maven-pom" value="" />
    <property name="libs.jstl.classpath" value="/encs/pkg/openesb-3.0.5/root/OE-Studio/netbeans/enterprise/modules/ext/jstl-impl.jar:/encs/pkg/openesb-3.0.5/root/OE-Studio/netbeans/enterprise/modules/ext/jstl-api.jar" />
    <property name="libs.testng.src" value="" />
    <property name="libs.spring-webmvc3.0.src" value="" />
    <property name="libs.restapi.classpath" value="/encs/pkg/openesb-3.0.5/root/OE-Studio/netbeans/enterprise/modules/ext/jaxrs-2.0/javax.ws.rs-api-2.0.jar" />
    <property name="java.vendor.url.bug" value="http://bugreport.sun.com/bugreport/" />
    <property name="libs.jaxb.maven-pom" value="" />
    <property name="os.arch" value="amd64" />
    <property name="libs.Encoder-Custom.classpath" value="/encs/pkg/openesb-3.0.5/root/OE-Studio/netbeans/soa/modules/ext/custom.jar:/encs/pkg/openesb-3.0.5/root/OE-Studio/netbeans/soa/modules/ext/customencoder-xsdextension.jar" />
    <property name="libs.eclipselink.src" value="" />
    <property name="user.name" value="s_jashan" />
    <property name="libs.jsf12.javadoc" value="/encs/pkg/openesb-3.0.5/root/OE-Studio/netbeans/enterprise/docs/javaee-doc-api.jar" />
    <property name="libs.spring-webmvc3.0.maven-pom" value="" />
    <property name="libs.swing-layout.maven-pom" value="" />
    <property name="sun.java.command" value="org.apache.tools.ant.taskdefs.optional.junit.JUnitTestRunner org.netbeans.modules.compapp.catd.ConfiguredTest skipNonTests=false filtertrace=true haltOnError=false haltOnFailure=false showoutput=true outputtoformatters=true logfailedtests=true threadid=0 logtestlistenerevents=true formatter=org.apache.tools.ant.taskdefs.optional.junit.BriefJUnitResultFormatter formatter=org.apache.tools.ant.taskdefs.optional.junit.XMLJUnitResultFormatter,/nfs/home/s/s_jashan/NetBeansProjects/AirportInfoServicesCA/test/results/TEST-org.netbeans.modules.compapp.catd.ConfiguredTest.xml crashfile=/tmp/junitvmwatcher2739814121335739069.properties propsfile=/tmp/junit2434206724962661040.properties" />
    <property name="build.classes.dir" value="build/jar" />
    <property name="enterprise.module.install.dir" value="/encs/pkg/openesb-3.0.5/root/OE-Studio/netbeans/enterprise/modules" />
    <property name="libs.javaee-endorsed-api-7.0.javadoc" value="/encs/pkg/openesb-3.0.5/root/OE-Studio/netbeans/enterprise/docs/javaee-doc-api.jar" />
    <property name="libs.jaxws21.javadoc" value="/encs/pkg/openesb-3.0.5/root/OE-Studio/netbeans/java/docs/jaxws-api-doc.zip" />
    <property name="libs.spring-webmvc4.0.javadoc" value="" />
    <property name="user.country" value="CA" />
    <property name="libs.jsp-compilation-syscp.src" value="" />
    <property name="libs.spring-framework400.classpath" value="/encs/pkg/openesb-3.0.5/root/OE-Studio/netbeans/ide/modules/org-apache-commons-logging.jar:/encs/pkg/openesb-3.0.5/root/OE-Studio/netbeans/java/modules/ext/cglib-2.2.jar:/encs/pkg/openesb-3.0.5/root/OE-Studio/netbeans/java/modules/ext/spring-4/spring-aop-4.0.1.RELEASE.jar:/encs/pkg/openesb-3.0.5/root/OE-Studio/netbeans/java/modules/ext/spring-4/spring-aspects-4.0.1.RELEASE.jar:/encs/pkg/openesb-3.0.5/root/OE-Studio/netbeans/java/modules/ext/spring-4/spring-beans-4.0.1.RELEASE.jar:/encs/pkg/openesb-3.0.5/root/OE-Studio/netbeans/java/modules/ext/spring-4/spring-build-src-4.0.1.RELEASE.jar:/encs/pkg/openesb-3.0.5/root/OE-Studio/netbeans/java/modules/ext/spring-4/spring-context-4.0.1.RELEASE.jar:/encs/pkg/openesb-3.0.5/root/OE-Studio/netbeans/java/modules/ext/spring-4/spring-context-support-4.0.1.RELEASE.jar:/encs/pkg/openesb-3.0.5/root/OE-Studio/netbeans/java/modules/ext/spring-4/spring-core-4.0.1.RELEASE.jar:/encs/pkg/openesb-3.0.5/root/OE-Studio/netbeans/java/modules/ext/spring-4/spring-expression-4.0.1.RELEASE.jar:/encs/pkg/openesb-3.0.5/root/OE-Studio/netbeans/java/modules/ext/spring-4/spring-framework-bom-4.0.1.RELEASE.jar:/encs/pkg/openesb-3.0.5/root/OE-Studio/netbeans/java/modules/ext/spring-4/spring-instrument-4.0.1.RELEASE.jar:/encs/pkg/openesb-3.0.5/root/OE-Studio/netbeans/java/modules/ext/spring-4/spring-instrument-tomcat-4.0.1.RELEASE.jar:/encs/pkg/openesb-3.0.5/root/OE-Studio/netbeans/java/modules/ext/spring-4/spring-jdbc-4.0.1.RELEASE.jar:/encs/pkg/openesb-3.0.5/root/OE-Studio/netbeans/java/modules/ext/spring-4/spring-jms-4.0.1.RELEASE.jar:/encs/pkg/openesb-3.0.5/root/OE-Studio/netbeans/java/modules/ext/spring-4/spring-messaging-4.0.1.RELEASE.jar:/encs/pkg/openesb-3.0.5/root/OE-Studio/netbeans/java/modules/ext/spring-4/spring-orm-4.0.1.RELEASE.jar:/encs/pkg/openesb-3.0.5/root/OE-Studio/netbeans/java/modules/ext/spring-4/spring-oxm-4.0.1.RELEASE.jar:/encs/pkg/openesb-3.0.5/root/OE-Studio/netbeans/java/modules/ext/spring-4/spring-test-4.0.1.RELEASE.jar:/encs/pkg/openesb-3.0.5/root/OE-Studio/netbeans/java/modules/ext/spring-4/spring-tx-4.0.1.RELEASE.jar:/encs/pkg/openesb-3.0.5/root/OE-Studio/netbeans/java/modules/ext/spring-4/spring-web-4.0.1.RELEASE.jar:/encs/pkg/openesb-3.0.5/root/OE-Studio/netbeans/java/modules/ext/spring-4/spring-webmvc-4.0.1.RELEASE.jar:/encs/pkg/openesb-3.0.5/root/OE-Studio/netbeans/java/modules/ext/spring-4/spring-webmvc-portlet-4.0.1.RELEASE.jar:/encs/pkg/openesb-3.0.5/root/OE-Studio/netbeans/java/modules/ext/spring-4/spring-websocket-4.0.1.RELEASE.jar" />
    <property name="reference.AirportInfoServices.dist_se" value="../AirportInfoServices/build/SEDeployment.jar" />
    <property name="meta.inf" value="src/conf" />
    <property name="ServerPassword" value="admin" />
    <property name="netbeans.home" value="/encs/pkg/openesb-3.0.5/root/OE-Studio/netbeans/platform" />
    <property name="build.compiler.emacs" value="true" />
    <property name="libs.javaee-web-api-6.0.src" value="" />
    <property name="libs.jsp-compilation-syscp.classpath" value="/encs/pkg/openesb-3.0.5/root/OE-Studio/netbeans/extide/ant/lib/ant.jar:/encs/pkg/openesb-3.0.5/root/OE-Studio/netbeans/enterprise/modules/ext/servlet3.1-jsp2.3-api.jar:/encs/pkg/openesb-3.0.5/root/OE-Studio/netbeans/enterprise/modules/ext/glassfish-jspparser-4.0.jar:/encs/pkg/openesb-3.0.5/root/OE-Studio/netbeans/enterprise/modules/ext/jstl-impl.jar:/encs/pkg/openesb-3.0.5/root/OE-Studio/netbeans/enterprise/modules/ext/jsf-2_2/javax.faces.jar" />
    <property name="java.endorsed.dirs" value="/nfs/encs/ArchDep/x86_64.EL7/pkg/jdk_64b-8u161/root/jre/lib/endorsed" />
    <property name="netbeans.dynamic.classpath" value="/encs/pkg/openesb-3.0.5/root/OE-Studio/netbeans/platform/core/core.jar:/encs/pkg/openesb-3.0.5/root/OE-Studio/netbeans/platform/core/org-openide-filesystems.jar:/encs/pkg/openesb-3.0.5/root/OE-Studio/netbeans/platform/core/locale/core_ja.jar:/encs/pkg/openesb-3.0.5/root/OE-Studio/netbeans/platform/core/locale/core_pt_BR.jar:/encs/pkg/openesb-3.0.5/root/OE-Studio/netbeans/platform/core/locale/core_ru.jar:/encs/pkg/openesb-3.0.5/root/OE-Studio/netbeans/platform/core/locale/core_zh_CN.jar:/encs/pkg/openesb-3.0.5/root/OE-Studio/netbeans/platform/core/locale/org-openide-filesystems_ja.jar:/encs/pkg/openesb-3.0.5/root/OE-Studio/netbeans/platform/core/locale/org-openide-filesystems_pt_BR.jar:/encs/pkg/openesb-3.0.5/root/OE-Studio/netbeans/platform/core/locale/org-openide-filesystems_ru.jar:/encs/pkg/openesb-3.0.5/root/OE-Studio/netbeans/platform/core/locale/org-openide-filesystems_zh_CN.jar:/encs/pkg/openesb-3.0.5/root/OE-Studio/netbeans/bin/../soa/core/locale/core_soa.jar:/encs/pkg/openesb-3.0.5/root/OE-Studio/netbeans/bin/../nb/core/org-netbeans-upgrader.jar:/encs/pkg/openesb-3.0.5/root/OE-Studio/netbeans/bin/../nb/core/locale/core_nb.jar:/encs/pkg/openesb-3.0.5/root/OE-Studio/netbeans/bin/../nb/core/locale/core_nb_ja.jar:/encs/pkg/openesb-3.0.5/root/OE-Studio/netbeans/bin/../nb/core/locale/core_nb_pt_BR.jar:/encs/pkg/openesb-3.0.5/root/OE-Studio/netbeans/bin/../nb/core/locale/core_nb_ru.jar:/encs/pkg/openesb-3.0.5/root/OE-Studio/netbeans/bin/../nb/core/locale/core_nb_zh_CN.jar:/encs/pkg/openesb-3.0.5/root/OE-Studio/netbeans/bin/../nb/core/locale/org-netbeans-upgrader_ja.jar:/encs/pkg/openesb-3.0.5/root/OE-Studio/netbeans/bin/../nb/core/locale/org-netbeans-upgrader_pt_BR.jar:/encs/pkg/openesb-3.0.5/root/OE-Studio/netbeans/bin/../nb/core/locale/org-netbeans-upgrader_ru.jar:/encs/pkg/openesb-3.0.5/root/OE-Studio/netbeans/bin/../nb/core/locale/org-netbeans-upgrader_zh_CN.jar" />
    <property name="java.vm.specification.version" value="1.8" />
    <property name="libs.hibernate4-support.src" value="" />
    <property name="libs.primefaces.classpath" value="/encs/pkg/openesb-3.0.5/root/OE-Studio/netbeans/enterprise/modules/ext/primefaces/primefaces-5.0.jar" />
    <property name="libs.javaee-api-6.0.classpath" value="/encs/pkg/openesb-3.0.5/root/OE-Studio/netbeans/enterprise/modules/ext/javaee-api-6.0.jar" />
    <property name="netbeans.productversion" value="OpenESB Studio 3.1.0-SNAPSHOT (based on Netbeans 8.0.2)" />
    <property name="java.awt.headless" value="${java.awt.headless}" />
    <property name="libs.jaxws21.src" value="" />
    <property name="netbeans.autoupdate.language" value="en" />
    <property name="libs.Encoder-Framework.javadoc" value="" />
    <property name="java.vendor" value="Oracle Corporation" />
    <property name="libs.javaee-api-6.0.javadoc" value="/encs/pkg/openesb-3.0.5/root/OE-Studio/netbeans/enterprise/docs/javaee-doc-api.jar" />
    <property name="sun.font.fontmanager" value="sun.awt.X11FontManager" />
    <property name="file.separator" value="/" />
    <property name="libs.junit_4.maven-pom" value="" />
    <property name="netbeans.buildnumber" value="201411181905" />
    <property name="libs.JWSAntTasks.javadoc" value="" />
    <property name="libs.eclipselinkmodelgen.classpath" value="/encs/pkg/openesb-3.0.5/root/OE-Studio/netbeans/java/modules/ext/eclipselink/org.eclipse.persistence.jpa.modelgen_2.5.2.v20140319-9ad6abd.jar" />
    <property name="resource.AirportInfoServices" value="../AirportInfoServices/setup" />
    <property name="libs.javaee-endorsed-api-7.0.src" value="" />
    <property name="sun.java.launcher" value="SUN_STANDARD" />
    <property name="libs.junit.classpath" value="/encs/pkg/openesb-3.0.5/root/OE-Studio/netbeans/java/modules/ext/junit-3.8.2.jar" />
    <property name="libs.hibernate4-persistencemodelgen.javadoc" value="" />
    <property name="libs.jaxb.javadoc" value="/encs/pkg/openesb-3.0.5/root/OE-Studio/netbeans/ide/docs/jaxb-api-doc.zip" />
    <property name="libs.struts.classpath" value="/encs/pkg/openesb-3.0.5/root/OE-Studio/netbeans/enterprise/modules/ext/struts/antlr-2.7.2.jar:/encs/pkg/openesb-3.0.5/root/OE-Studio/netbeans/enterprise/modules/ext/struts/bsf-2.3.0.jar:/encs/pkg/openesb-3.0.5/root/OE-Studio/netbeans/enterprise/modules/ext/struts/commons-beanutils-1.8.0.jar:/encs/pkg/openesb-3.0.5/root/OE-Studio/netbeans/enterprise/modules/ext/struts/commons-chain-1.2.jar:/encs/pkg/openesb-3.0.5/root/OE-Studio/netbeans/enterprise/modules/ext/struts/commons-digester-1.8.jar:/encs/pkg/openesb-3.0.5/root/OE-Studio/netbeans/enterprise/modules/ext/struts/commons-fileupload-1.1.1.jar:/encs/pkg/openesb-3.0.5/root/OE-Studio/netbeans/enterprise/modules/ext/struts/commons-io-1.1.jar:/encs/pkg/openesb-3.0.5/root/OE-Studio/netbeans/enterprise/modules/ext/struts/commons-logging-1.0.4.jar:/encs/pkg/openesb-3.0.5/root/OE-Studio/netbeans/enterprise/modules/ext/struts/commons-validator-1.3.1.jar:/encs/pkg/openesb-3.0.5/root/OE-Studio/netbeans/enterprise/modules/ext/struts/jstl-1.0.2.jar:/encs/pkg/openesb-3.0.5/root/OE-Studio/netbeans/enterprise/modules/ext/struts/oro-2.0.8.jar:/encs/pkg/openesb-3.0.5/root/OE-Studio/netbeans/enterprise/modules/ext/struts/standard-1.0.6.jar:/encs/pkg/openesb-3.0.5/root/OE-Studio/netbeans/enterprise/modules/ext/struts/struts-core-1.3.10.jar:/encs/pkg/openesb-3.0.5/root/OE-Studio/netbeans/enterprise/modules/ext/struts/struts-el-1.3.10.jar:/encs/pkg/openesb-3.0.5/root/OE-Studio/netbeans/enterprise/modules/ext/struts/struts-extras-1.3.10.jar:/encs/pkg/openesb-3.0.5/root/OE-Studio/netbeans/enterprise/modules/ext/struts/struts-faces-1.3.10.jar:/encs/pkg/openesb-3.0.5/root/OE-Studio/netbeans/enterprise/modules/ext/struts/struts-mailreader-dao-1.3.10.jar:/encs/pkg/openesb-3.0.5/root/OE-Studio/netbeans/enterprise/modules/ext/struts/struts-scripting-1.3.10.jar:/encs/pkg/openesb-3.0.5/root/OE-Studio/netbeans/enterprise/modules/ext/struts/struts-taglib-1.3.10.jar:/encs/pkg/openesb-3.0.5/root/OE-Studio/netbeans/enterprise/modules/ext/struts/struts-tiles-1.3.10.jar" />
    <property name="ant.home" value="/encs/pkg/openesb-3.0.5/root/OE-Studio/netbeans/extide/ant" />
    <property name="libs.junit_4.src" value="/encs/pkg/openesb-3.0.5/root/OE-Studio/netbeans/java/docs/junit-4.10-sources.jar" />
    <property name="libs.testng.classpath" value="/encs/pkg/openesb-3.0.5/root/OE-Studio/netbeans/platform/modules/ext/testng-6.8.1-dist.jar" />
    <property name="libs.absolutelayout.maven-pom" value="" />
    <property name="ant.java.version" value="1.8" />
    <property name="java.library.path" value="/encs/pkg/jdk-8/root/bin/../jre/lib/amd64:/encs/pkg/jdk-8/root/bin/../jre/lib/i386::/usr/java/packages/lib/amd64:/usr/lib64:/lib64:/lib:/usr/lib" />
    <property name="libs.metro.maven-pom" value="" />
    <property name="libs.Encoder-HL7.classpath" value="/encs/pkg/openesb-3.0.5/root/OE-Studio/netbeans/soa/modules/ext/hl7.jar:/encs/pkg/openesb-3.0.5/root/OE-Studio/netbeans/soa/modules/ext/hl7encoder-xsdextension.jar" />
    <property name="java.util.logging.config.class" value="org.netbeans.core.startup.TopLogging" />
    <property name="libs.spring-framework400.src" value="" />
    <property name="libs.PostgreSQLDriver.src" value="" />
    <property name="sun.arch.data.model" value="64" />
    <property name="basedir" value="/nfs/home/s/s_jashan/NetBeansProjects/AirportInfoServicesCA" />
    <property name="libs.jpa20-persistence.maven-pom" value="" />
    <property name="libs.javaee-web-api-7.0.classpath" value="/encs/pkg/openesb-3.0.5/root/OE-Studio/netbeans/enterprise/modules/ext/javaee-web-api-7.0.jar" />
    <property name="path.separator" value=":" />
    <property name="libs.javaee-web-api-6.0.javadoc" value="/encs/pkg/openesb-3.0.5/root/OE-Studio/netbeans/enterprise/docs/javaee-doc-api.jar" />
    <property name="ant.junit.enabletestlistenerevents" value="true" />
    <property name="sun.io.unicode.encoding" value="UnicodeLittle" />
    <property name="libs.jaxws21.classpath" value="/encs/pkg/openesb-3.0.5/root/OE-Studio/netbeans/ide/modules/ext/jaxb/jaxb-impl.jar:/encs/pkg/openesb-3.0.5/root/OE-Studio/netbeans/ide/modules/ext/jaxb/jaxb-xjc.jar:/encs/pkg/openesb-3.0.5/root/OE-Studio/netbeans/java/modules/ext/jaxws22/FastInfoset.jar:/encs/pkg/openesb-3.0.5/root/OE-Studio/netbeans/java/modules/ext/jaxws22/gmbal-api-only.jar:/encs/pkg/openesb-3.0.5/root/OE-Studio/netbeans/java/modules/ext/jaxws22/ha-api.jar:/encs/pkg/openesb-3.0.5/root/OE-Studio/netbeans/java/modules/ext/jaxws22/javax.mail_1.4.jar:/encs/pkg/openesb-3.0.5/root/OE-Studio/netbeans/java/modules/ext/jaxws22/jaxws-rt.jar:/encs/pkg/openesb-3.0.5/root/OE-Studio/netbeans/java/modules/ext/jaxws22/jaxws-tools.jar:/encs/pkg/openesb-3.0.5/root/OE-Studio/netbeans/java/modules/ext/jaxws22/management-api.jar:/encs/pkg/openesb-3.0.5/root/OE-Studio/netbeans/java/modules/ext/jaxws22/mimepull.jar:/encs/pkg/openesb-3.0.5/root/OE-Studio/netbeans/java/modules/ext/jaxws22/policy.jar:/encs/pkg/openesb-3.0.5/root/OE-Studio/netbeans/java/modules/ext/jaxws22/saaj-impl.jar:/encs/pkg/openesb-3.0.5/root/OE-Studio/netbeans/java/modules/ext/jaxws22/stax-ex.jar:/encs/pkg/openesb-3.0.5/root/OE-Studio/netbeans/java/modules/ext/jaxws22/stax2-api.jar:/encs/pkg/openesb-3.0.5/root/OE-Studio/netbeans/java/modules/ext/jaxws22/streambuffer.jar:/encs/pkg/openesb-3.0.5/root/OE-Studio/netbeans/java/modules/ext/jaxws22/woodstox-core-asl.jar:/encs/pkg/openesb-3.0.5/root/OE-Studio/netbeans/java/modules/ext/jaxws22/api/jaxws-api.jar:/encs/pkg/openesb-3.0.5/root/OE-Studio/netbeans/java/modules/ext/jaxws22/api/jsr181-api.jar:/encs/pkg/openesb-3.0.5/root/OE-Studio/netbeans/java/modules/ext/jaxws22/api/javax.annotation.jar:/encs/pkg/openesb-3.0.5/root/OE-Studio/netbeans/java/modules/ext/jaxws22/api/saaj-api.jar:/encs/pkg/openesb-3.0.5/root/OE-Studio/netbeans/ide/modules/ext/jaxb/activation.jar:/encs/pkg/openesb-3.0.5/root/OE-Studio/netbeans/ide/modules/ext/jaxb/api/jaxb-api.jar:/encs/pkg/openesb-3.0.5/root/OE-Studio/netbeans/ide/modules/ext/jaxb/api/jsr173_1.0_api.jar" />
    <property name="libs.struts.src" value="" />
    <property name="user.language" value="en" />
    <property name="libs.Encoder-Framework.src" value="" />
    <property name="libs.JAXB-ENDORSED.maven-pom" value="" />
    <property name="ant.file." value="/nfs/home/s/s_jashan/NetBeansProjects/AirportInfoServicesCA/build.xml" />
    <property name="libs.eclipselink.maven-pom" value="" />
    <property name="libs.primefaces.javadoc" value="" />
    <property name="libs.spring-framework300.maven-pom" value="" />
    <property name="ant.project.invoked-targets" value="test-single" />
    <property name="libs.Encoder-Framework.classpath" value="/encs/pkg/openesb-3.0.5/root/OE-Studio/netbeans/soa/modules/ext/encoderframework.jar:/encs/pkg/openesb-3.0.5/root/OE-Studio/netbeans/soa/modules/ext/encoderfrmwk-xsdextension.jar:/encs/pkg/openesb-3.0.5/root/OE-Studio/netbeans/soa/modules/ext/xbean.jar" />
    <property name="libs.swing-layout.javadoc" value="/encs/pkg/openesb-3.0.5/root/OE-Studio/netbeans/platform/docs/swing-layout-1.0.4-doc.zip" />
    <property name="sun.java2d.d3d" value="false" />
    <property name="libs.hibernate4-persistence.maven-pom" value="" />
    <property name="https.nonProxyHosts" value="localhost|127.0.0.1|fenn.encs.concordia.ca" />
    <property name="libs.PostgreSQLDriver.maven-pom" value="" />
    <property name="java.class.version" value="52.0" />
    <property name="libs.hibernate4-persistencemodelgen.maven-pom" value="" />
    <property name="libs.javaee-endorsed-api-6.0.src" value="" />
    <property name="libs.eclipselink.javadoc" value="/encs/pkg/openesb-3.0.5/root/OE-Studio/netbeans/java/modules/ext/docs/javax.persistence-2.1.0-doc.zip" />
    <property name="libs.jsp-compilation.maven-pom" value="" />
    <property name="user.properties.file" value="/groups/j/ji_soen487_4/aa/build.properties" />
    <property name="libs.javac-api.maven-pom" value="" />
    <property name="file.encoding.pkg" value="sun.io" />
    <property name="sun.cpu.endian" value="little" />
    <property name="libs.JAXB-ENDORSED.javadoc" value="" />
    <property name="libs.JWSAntTasks.classpath" value="/encs/pkg/openesb-3.0.5/root/OE-Studio/netbeans/java/ant/extra/org-netbeans-modules-javawebstart-anttasks.jar" />
    <property name="libs.spring-webmvc4.0.maven-pom" value="" />
    <property name="libs.spring-framework300.src" value="" />
    <property name="libs.PojoSELib.src" value="/encs/pkg/openesb-3.0.5/root/OE-Studio/netbeans/soa/modules/ext/sun-pojo-engine-api-src.jar" />
    <property name="libs.jstl.src" value="" />
    <property name="libs.hibernate4-persistencemodelgen.src" value="" />
    <property name="libs.jpa20-persistence.javadoc" value="/encs/pkg/openesb-3.0.5/root/OE-Studio/netbeans/java/modules/ext/docs/javax.persistence-2.1.0-doc.zip" />
    <property name="java.home" value="/nfs/encs/ArchDep/x86_64.EL7/pkg/jdk_64b-8u161/root/jre" />
    <property name="libs.jsp-compilation.src" value="" />
    <property name="libs.javaee-endorsed-api-6.0.classpath" value="/encs/pkg/openesb-3.0.5/root/OE-Studio/netbeans/enterprise/modules/ext/javaee6-endorsed/javax.annotation.jar:/encs/pkg/openesb-3.0.5/root/OE-Studio/netbeans/enterprise/modules/ext/javaee6-endorsed/jaxb-api-osgi.jar:/encs/pkg/openesb-3.0.5/root/OE-Studio/netbeans/enterprise/modules/ext/javaee6-endorsed/webservices-api-osgi.jar" />
    <property name="libs.javaee-api-6.0.src" value="" />
    <property name="ant.project.default-target" value="default" />
    <property name="ant.file.AirportInfoServicesCA-jbi-impl" value="/nfs/home/s/s_jashan/NetBeansProjects/AirportInfoServicesCA/nbproject/build-impl.xml" />
    <property name="libs.PostgreSQLDriver.javadoc" value="" />
    <property name="libs.restlib.classpath" value="/encs/pkg/openesb-3.0.5/root/OE-Studio/netbeans/enterprise/modules/ext/jersey2/ext/asm-all-repackaged-2.2.0-b21.jar:/encs/pkg/openesb-3.0.5/root/OE-Studio/netbeans/enterprise/modules/ext/jersey2/ext/cglib-2.2.0-b21.jar:/encs/pkg/openesb-3.0.5/root/OE-Studio/netbeans/enterprise/modules/ext/jersey2/ext/guava-14.0.1.jar:/encs/pkg/openesb-3.0.5/root/OE-Studio/netbeans/enterprise/modules/ext/jersey2/ext/hk2-api-2.2.0-b21.jar:/encs/pkg/openesb-3.0.5/root/OE-Studio/netbeans/enterprise/modules/ext/jersey2/ext/hk2-locator-2.2.0-b21.jar:/encs/pkg/openesb-3.0.5/root/OE-Studio/netbeans/enterprise/modules/ext/jersey2/ext/hk2-utils-2.2.0-b21.jar:/encs/pkg/openesb-3.0.5/root/OE-Studio/netbeans/enterprise/modules/ext/jersey2/ext/javax.annotation-api-1.2.jar:/encs/pkg/openesb-3.0.5/root/OE-Studio/netbeans/enterprise/modules/ext/jersey2/ext/javax.inject-2.2.0-b21.jar:/encs/pkg/openesb-3.0.5/root/OE-Studio/netbeans/enterprise/modules/ext/jersey2/ext/javax.servlet-api-3.0.1.jar:/encs/pkg/openesb-3.0.5/root/OE-Studio/netbeans/enterprise/modules/ext/jersey2/ext/jaxb-api-2.2.7.jar:/encs/pkg/openesb-3.0.5/root/OE-Studio/netbeans/enterprise/modules/ext/jersey2/ext/jersey-entity-filtering-2.5.1.jar:/encs/pkg/openesb-3.0.5/root/OE-Studio/netbeans/enterprise/modules/ext/jersey2/ext/jersey-media-moxy-2.5.1.jar:/encs/pkg/openesb-3.0.5/root/OE-Studio/netbeans/enterprise/modules/ext/jersey2/ext/org.osgi.core-4.2.0.jar:/encs/pkg/openesb-3.0.5/root/OE-Studio/netbeans/enterprise/modules/ext/jersey2/ext/osgi-resource-locator-1.0.1.jar:/encs/pkg/openesb-3.0.5/root/OE-Studio/netbeans/enterprise/modules/ext/jersey2/ext/persistence-api-1.0.jar:/encs/pkg/openesb-3.0.5/root/OE-Studio/netbeans/enterprise/modules/ext/jersey2/ext/validation-api-1.1.0.Final.jar:/encs/pkg/openesb-3.0.5/root/OE-Studio/netbeans/enterprise/modules/ext/jersey2/jersey-client.jar:/encs/pkg/openesb-3.0.5/root/OE-Studio/netbeans/enterprise/modules/ext/jersey2/jersey-common.jar:/encs/pkg/openesb-3.0.5/root/OE-Studio/netbeans/enterprise/modules/ext/jersey2/jersey-container-servlet.jar:/encs/pkg/openesb-3.0.5/root/OE-Studio/netbeans/enterprise/modules/ext/jersey2/jersey-container-servlet-core.jar:/encs/pkg/openesb-3.0.5/root/OE-Studio/netbeans/enterprise/modules/ext/jersey2/jersey-server.jar:/encs/pkg/openesb-3.0.5/root/OE-Studio/netbeans/java/modules/ext/eclipselink/eclipselink.jar" />
    <property name="jbi.service-unit.description" value="Represents this Service Unit" />
    <property name="libs.MySQLDriver.maven-pom" value="" />
    <property name="libs.hibernate4-persistence.javadoc" value="/encs/pkg/openesb-3.0.5/root/OE-Studio/netbeans/java/modules/ext/docs/javax.persistence-2.1.0-doc.zip" />
    <property name="http.nonProxyHosts" value="localhost|127.0.0.1|fenn.encs.concordia.ca" />
    <property name="libs.junit_4.javadoc" value="/encs/pkg/openesb-3.0.5/root/OE-Studio/netbeans/java/docs/junit-4.10-javadoc.jar" />
    <property name="test.results.dir" value="/nfs/home/s/s_jashan/NetBeansProjects/AirportInfoServicesCA/test/results" />
    <property name="libs.javaee-web-api-6.0.maven-pom" value="" />
    <property name="jna.boot.library.name" value="jnidispatch-410" />
    <property name="libs.javaee-endorsed-api-6.0.javadoc" value="/encs/pkg/openesb-3.0.5/root/OE-Studio/netbeans/enterprise/docs/javaee-doc-api.jar" />
    <property name="libs.javaee-api-7.0.classpath" value="/encs/pkg/openesb-3.0.5/root/OE-Studio/netbeans/enterprise/modules/ext/javaee-api-7.0.jar" />
    <property name="sun.awt.datatransfer.timeout" value="1000" />
    <property name="libs.PojoSELib.classpath" value="/encs/pkg/openesb-3.0.5/root/OE-Studio/netbeans/soa/modules/ext/sun-pojo-engine-api.jar:/encs/pkg/openesb-3.0.5/root/OE-Studio/netbeans/soa/modules/ext/jbi.jar" />
    <property name="ant.file.type." value="file" />
    <property name="libs.spring-webmvc3.0.javadoc" value="" />
    <property name="libs.jpa2-persistence.maven-pom" value="" />
    <property name="libs.hibernate4-support.classpath" value="/encs/pkg/openesb-3.0.5/root/OE-Studio/netbeans/java/modules/ext/hibernate4/antlr-2.7.7.jar:/encs/pkg/openesb-3.0.5/root/OE-Studio/netbeans/java/modules/ext/hibernate4/c3p0-0.9.2.1.jar:/encs/pkg/openesb-3.0.5/root/OE-Studio/netbeans/java/modules/ext/hibernate4/hibernate-c3p0-4.3.1.Final.jar:/encs/pkg/openesb-3.0.5/root/OE-Studio/netbeans/java/modules/ext/hibernate4/mchange-commons-java-0.2.3.4.jar:/encs/pkg/openesb-3.0.5/root/OE-Studio/netbeans/java/modules/ext/hibernate4/dom4j-1.6.1.jar:/encs/pkg/openesb-3.0.5/root/OE-Studio/netbeans/java/modules/ext/hibernate4/ehcache-core-2.4.3.jar:/encs/pkg/openesb-3.0.5/root/OE-Studio/netbeans/java/modules/ext/hibernate4/hibernate-ehcache-4.3.1.Final.jar:/encs/pkg/openesb-3.0.5/root/OE-Studio/netbeans/java/modules/ext/hibernate4/hibernate-core-4.3.1.Final.jar:/encs/pkg/openesb-3.0.5/root/OE-Studio/netbeans/java/modules/ext/hibernate4/jboss-logging-3.1.3.GA.jar:/encs/pkg/openesb-3.0.5/root/OE-Studio/netbeans/java/modules/ext/hibernate4/hibernate-commons-annotations-4.0.4.Final.jar:/encs/pkg/openesb-3.0.5/root/OE-Studio/netbeans/java/modules/ext/hibernate4/hibernate-entitymanager-4.3.1.Final.jar:/encs/pkg/openesb-3.0.5/root/OE-Studio/netbeans/java/modules/ext/hibernate4/javassist-3.18.1-GA.jar:/encs/pkg/openesb-3.0.5/root/OE-Studio/netbeans/java/modules/ext/hibernate4/jboss-transaction-api_1.2_spec-1.0.0.Final.jar:/encs/pkg/openesb-3.0.5/root/OE-Studio/netbeans/java/modules/ext/hibernate4/slf4j-api-1.6.1.jar:/encs/pkg/openesb-3.0.5/root/OE-Studio/netbeans/java/modules/ext/hibernate4/slf4j-simple-1.6.1.jar" />
    <property name="project.AirportInfoServices" value="../AirportInfoServices" />
    <property name="nb.native.filechooser" value="false" />
    <property name="libs.restapi.src" value="" />
    <property name="sun.management.compiler" value="HotSpot 64-Bit Tiered Compilers" />
    <property name="sun.java2d.noddraw" value="true" />
    <property name="libs.jsp-compiler.classpath" value="/encs/pkg/openesb-3.0.5/root/OE-Studio/netbeans/enterprise/ant/extra/jspcompile.jar" />
    <property name="ant.file" value="/nfs/home/s/s_jashan/NetBeansProjects/AirportInfoServicesCA/build.xml" />
    <property name="libs.beans-binding.maven-pom" value="" />
    <property name="com.sun.jbi.routing.bc.autoconnect" value="true" />
    <property name="libs.hibernate4-support.javadoc" value="/encs/pkg/openesb-3.0.5/root/OE-Studio/netbeans/java/modules/ext/docs/javax.persistence-2.1.0-doc.zip" />
    <property name="libs.jsf12.classpath" value="/encs/pkg/openesb-3.0.5/root/OE-Studio/netbeans/enterprise/modules/ext/jsf-1_2/commons-beanutils.jar:/encs/pkg/openesb-3.0.5/root/OE-Studio/netbeans/enterprise/modules/ext/jsf-1_2/commons-collections.jar:/encs/pkg/openesb-3.0.5/root/OE-Studio/netbeans/enterprise/modules/ext/jsf-1_2/commons-digester.jar:/encs/pkg/openesb-3.0.5/root/OE-Studio/netbeans/enterprise/modules/ext/jsf-1_2/commons-logging.jar:/encs/pkg/openesb-3.0.5/root/OE-Studio/netbeans/enterprise/modules/ext/jsf-1_2/jsf-api.jar:/encs/pkg/openesb-3.0.5/root/OE-Studio/netbeans/enterprise/modules/ext/jsf-1_2/jsf-impl.jar" />
    <property name="libs.Encoder-HL7.src" value="" />
    <property name="libs.jstl.maven-pom" value="" />
    <property name="GenerateATSOutput" value="${generate.ats.output}" />
    <property name="libs.restapi.maven-pom" value="" />
    <property name="no.catd.context" value="true" />
    <property name="libs.beans-binding.src" value="" />
    <property name="java.vm.specification.vendor" value="Oracle Corporation" />
    <property name="libs.swing-layout.src" value="/encs/pkg/openesb-3.0.5/root/OE-Studio/netbeans/platform/docs/swing-layout-1.0.4-src.zip" />
    <property name="org.openide.major.version" value="IDE/1" />
    <property name="java.vm.name" value="Java HotSpot(TM) 64-Bit Server VM" />
    <property name="libs.Encoder-Custom.maven-pom" value="" />
    <property name="netbeans.user" value="/groups/j/ji_soen487_4/aa" />
    <property name="java.io.tmpdir" value="/tmp" />
    <property name="java.vendor.url" value="http://java.oracle.com/" />
    <property name="libs.jsp-compiler.src" value="" />
    <property name="libs.Encoder-COCO.src" value="" />
    <property name="sun.boot.library.path" value="/nfs/encs/ArchDep/x86_64.EL7/pkg/jdk_64b-8u161/root/jre/lib/amd64" />
    <property name="libs.jsf20.classpath" value="/encs/pkg/openesb-3.0.5/root/OE-Studio/netbeans/enterprise/modules/ext/jsf-2_2/javax.faces.jar" />
    <property name="src.build.dir" value="src/jbiServiceUnits" />
    <property name="dist.jar" value="dist/AirportInfoServicesCA.zip" />
    <property name="libs.spring-framework400.maven-pom" value="" />
    <property name="java.runtime.name" value="Java(TM) SE Runtime Environment" />
    <property name="ant.project.name" value="" />
    <property name="libs.PojoSELib.javadoc" value="/encs/pkg/openesb-3.0.5/root/OE-Studio/netbeans/soa/modules/ext/sun-pojo-engine-api-javadoc.jar" />
    <property name="netbeans.hash.code" value="unique=069f21d3f-80eb-4ce8-9204-2d8b22100af3" />
    <property name="libs.jsp-compilation-syscp.maven-pom" value="" />
    <property name="sun.cpu.isalist" value="" />
    <property name="libs.spring-framework400.javadoc" value="" />
    <property name="libs.CopyLibs.javadoc" value="" />
    <property name="org.openide.specification.version" value="6.2" />
    <property name="user.home" value="/home/s/s_jashan" />
    <property name="libs.primefaces.maven-pom" value="" />
    <property name="com.sun.jbi.routing" value="true" />
    <property name="libs.javaee-api-6.0.maven-pom" value="" />
    <property name="libs.JWSAntTasks.src" value="" />
    <property name="libs.CopyLibs.maven-pom" value="" />
    <property name="libs.spring-framework300.javadoc" value="" />
    <property name="libs.absolutelayout.javadoc" value="" />
    <property name="java.specification.name" value="Java Platform API Specification" />
    <property name="libs.Encoder-COCO.maven-pom" value="" />
    <property name="ide.module.install.dir" value="/encs/pkg/openesb-3.0.5/root/OE-Studio/netbeans/ide/modules" />
    <property name="java.specification.vendor" value="Oracle Corporation" />
    <property name="libs.javac-api.classpath" value="/encs/pkg/openesb-3.0.5/root/OE-Studio/netbeans/java/modules/ext/nb-javac-api.jar" />
    <property name="java.version" value="1.8.0_161" />
    <property name="libs.MySQLDriver.javadoc" value="" />
    <property name="org.openide.version" value="deprecated" />
    <property name="source.encoding" value="UTF-8" />
    <property name="libs.eclipselinkmodelgen.maven-pom" value="" />
    <property name="libs.jsp-compilation-syscp.javadoc" value="" />
    <property name="server.password" value="admin" />
    <property name="libs.junit.maven-pom" value="" />
    <property name="libs.eclipselinkmodelgen.javadoc" value="" />
    <property name="libs.javaee-endorsed-api-7.0.classpath" value="/encs/pkg/openesb-3.0.5/root/OE-Studio/netbeans/enterprise/modules/ext/javaee7-endorsed/javax.annotation-api.jar:/encs/pkg/openesb-3.0.5/root/OE-Studio/netbeans/enterprise/modules/ext/javaee7-endorsed/javax.xml.soap-api.jar:/encs/pkg/openesb-3.0.5/root/OE-Studio/netbeans/enterprise/modules/ext/javaee7-endorsed/jaxb-api-osgi.jar:/encs/pkg/openesb-3.0.5/root/OE-Studio/netbeans/enterprise/modules/ext/javaee7-endorsed/jaxws-api.jar:/encs/pkg/openesb-3.0.5/root/OE-Studio/netbeans/enterprise/modules/ext/javaee7-endorsed/jsr181-api.jar" />
    <property name="libs.metro.javadoc" value="/encs/pkg/openesb-3.0.5/root/OE-Studio/netbeans/enterprise/docs/metro-1.4-doc.zip" />
    <property name="libs.struts.maven-pom" value="" />
    <property name="libs.testng.maven-pom" value="" />
    <property name="NetBeansUserDir" value="/groups/j/ji_soen487_4/aa" />
    <property name="test.dir" value="test" />
    <property name="libs.jaxb.src" value="" />
    <property name="libs.Encoder-HL7.maven-pom" value="" />
    <property name="libs.jaxb.classpath" value="/encs/pkg/openesb-3.0.5/root/OE-Studio/netbeans/ide/modules/ext/jaxb/jaxb-impl.jar:/encs/pkg/openesb-3.0.5/root/OE-Studio/netbeans/ide/modules/ext/jaxb/jaxb-xjc.jar:/encs/pkg/openesb-3.0.5/root/OE-Studio/netbeans/ide/modules/ext/jaxb/jaxb1-impl.jar:/encs/pkg/openesb-3.0.5/root/OE-Studio/netbeans/ide/modules/ext/jaxb/activation.jar:/encs/pkg/openesb-3.0.5/root/OE-Studio/netbeans/ide/modules/ext/jaxb/api/jaxb-api.jar:/encs/pkg/openesb-3.0.5/root/OE-Studio/netbeans/ide/modules/ext/jaxb/api/jsr173_1.0_api.jar" />
    <property name="libs.swing-layout.classpath" value="/encs/pkg/openesb-3.0.5/root/OE-Studio/netbeans/platform/modules/ext/swing-layout-1.0.4.jar" />
    <property name="libs.spring-webmvc3.0.classpath" value="/encs/pkg/openesb-3.0.5/root/OE-Studio/netbeans/java/modules/ext/spring-3.0/spring-webmvc-3.2.7.RELEASE.jar" />
    <property name="libs.javaee-web-api-7.0.maven-pom" value="" />
    <property name="libs.restlib.src" value="" />
    <property name="build.generated.dir" value="build/generated" />
    <property name="line.separator" value="&#xa;" />
    <property name="java.specification.version" value="1.8" />
    <property name="libs.jaxws21.maven-pom" value="" />
    <property name="java.vm.info" value="mixed mode" />
    <property name="sun.boot.class.path" value="/nfs/encs/ArchDep/x86_64.EL7/pkg/jdk_64b-8u161/root/jre/lib/resources.jar:/nfs/encs/ArchDep/x86_64.EL7/pkg/jdk_64b-8u161/root/jre/lib/rt.jar:/nfs/encs/ArchDep/x86_64.EL7/pkg/jdk_64b-8u161/root/jre/lib/sunrsasign.jar:/nfs/encs/ArchDep/x86_64.EL7/pkg/jdk_64b-8u161/root/jre/lib/jsse.jar:/nfs/encs/ArchDep/x86_64.EL7/pkg/jdk_64b-8u161/root/jre/lib/jce.jar:/nfs/encs/ArchDep/x86_64.EL7/pkg/jdk_64b-8u161/root/jre/lib/charsets.jar:/nfs/encs/ArchDep/x86_64.EL7/pkg/jdk_64b-8u161/root/jre/lib/jfr.jar:/nfs/encs/ArchDep/x86_64.EL7/pkg/jdk_64b-8u161/root/jre/classes" />
    <property name="src.dir" value="src/jbiasa" />
    <property name="libs.Encoder-Framework.maven-pom" value="" />
    <property name="libs.jpa2-persistence.src" value="" />
    <property name="ant.file.type.AirportInfoServicesCA-jbi-impl" value="file" />
    <property name="libs.jsf20.src" value="" />
    <property name="libs.jpa20-persistence.src" value="" />
    <property name="libs.jsf12.src" value="" />
    <property name="libs.struts.javadoc" value="/encs/pkg/openesb-3.0.5/root/OE-Studio/netbeans/enterprise/docs/struts-1.3.10-javadoc.zip" />
    <property name="libs.javaee-web-api-7.0.src" value="" />
    <property name="libs.primefaces.src" value="" />
    <property name="dist.dir" value="dist" />
    <property name="org.netbeans.modules.compapp.catd.context" value="" />
    <property name="inDebug" value="${inDebug}" />
    <property name="java.awt.printerjob" value="sun.print.PSPrinterJob" />
    <property name="default.javac.source" value="1.8" />
    <property name="libs.MySQLDriver.src" value="" />
    <property name="sun.jnu.encoding" value="UTF-8" />
    <property name="jbi.service-assembly.id" value="AirportInfoServicesCA" />
    <property name="libs.Encoder-COCO.javadoc" value="" />
    <property name="java.runtime.version" value="1.8.0_161-b12" />
    <property name="jna.platform.library.path" value="/usr/lib64:/lib64:/usr/lib:/lib" />
    <property name="jbi.service-assembly.description" value="Represents the Service Assembly of AirportInfoServicesCA" />
    <property name="default.javac.target" value="1.8" />
    <property name="libs.junit_4.classpath" value="/encs/pkg/openesb-3.0.5/root/OE-Studio/netbeans/platform/modules/ext/junit-4.10.jar" />
    <property name="user.timezone" value="" />
    <property name="java.module.install.dir" value="/encs/pkg/openesb-3.0.5/root/OE-Studio/netbeans/java/modules" />
    <property name="libs.javaee-endorsed-api-6.0.maven-pom" value="" />
    <property name="netbeans.dirs" value="/encs/pkg/openesb-3.0.5/root/OE-Studio/netbeans/bin/../soa:/encs/pkg/openesb-3.0.5/root/OE-Studio/netbeans/bin/../extide:/encs/pkg/openesb-3.0.5/root/OE-Studio/netbeans/bin/../apisupport:/encs/pkg/openesb-3.0.5/root/OE-Studio/netbeans/bin/../enterprise:/encs/pkg/openesb-3.0.5/root/OE-Studio/netbeans/bin/../ergonomics:/encs/pkg/openesb-3.0.5/root/OE-Studio/netbeans/bin/../harness:/encs/pkg/openesb-3.0.5/root/OE-Studio/netbeans/bin/../ide:/encs/pkg/openesb-3.0.5/root/OE-Studio/netbeans/bin/../java:/encs/pkg/openesb-3.0.5/root/OE-Studio/netbeans/bin/../nb:/encs/pkg/openesb-3.0.5/root/OE-Studio/netbeans/bin/../profiler:/encs/pkg/openesb-3.0.5/root/OE-Studio/netbeans/bin/../webcommon:/encs/pkg/openesb-3.0.5/root/OE-Studio/netbeans/bin/../websvccommon:" />
    <property name="libs.jstl.javadoc" value="/encs/pkg/openesb-3.0.5/root/OE-Studio/netbeans/enterprise/docs/javaee-doc-api.jar" />
    <property name="libs.jsf20.javadoc" value="/encs/pkg/openesb-3.0.5/root/OE-Studio/netbeans/enterprise/docs/javaee-doc-api.jar" />
    <property name="java.ext.dirs" value="/nfs/encs/ArchDep/x86_64.EL7/pkg/jdk_64b-8u161/root/jre/lib/ext:/usr/java/packages/lib/ext" />
    <property name="libs.metro.src" value="" />
    <property name="libs.absolutelayout.classpath" value="/encs/pkg/openesb-3.0.5/root/OE-Studio/netbeans/java/modules/ext/AbsoluteLayout.jar" />
    <property name="libs.restlib.maven-pom" value="" />
    <property name="libs.metro.classpath" value="/encs/pkg/openesb-3.0.5/root/OE-Studio/netbeans/ide/modules/ext/jaxb/activation.jar:/encs/pkg/openesb-3.0.5/root/OE-Studio/netbeans/enterprise/modules/ext/metro/webservices-api.jar:/encs/pkg/openesb-3.0.5/root/OE-Studio/netbeans/enterprise/modules/ext/metro/webservices-extra-api.jar:/encs/pkg/openesb-3.0.5/root/OE-Studio/netbeans/enterprise/modules/ext/metro/webservices-extra.jar:/encs/pkg/openesb-3.0.5/root/OE-Studio/netbeans/enterprise/modules/ext/metro/webservices-rt.jar:/encs/pkg/openesb-3.0.5/root/OE-Studio/netbeans/enterprise/modules/ext/metro/webservices-tools.jar" />
    <property name="libs.jpa2-persistence.javadoc" value="/encs/pkg/openesb-3.0.5/root/OE-Studio/netbeans/java/modules/ext/docs/javax.persistence-2.1.0-doc.zip" />
    <property name="java.class.path" value="/encs/pkg/openesb-3.0.5/root/OE-Studio/netbeans/soa/modules/org-netbeans-modules-compapp-manager-jbi.jar:/encs/pkg/openesb-3.0.5/root/OE-Studio/netbeans/soa/modules/org-netbeans-modules-compapp-projects-jbi.jar:/encs/pkg/openesb-3.0.5/root/OE-Studio/netbeans/soa/modules/ext/jbi-admin-common.jar:/encs/pkg/openesb-3.0.5/root/OE-Studio/netbeans/soa/modules/ext/catd.jar:/encs/pkg/openesb-3.0.5/root/OE-Studio/netbeans/java/modules/ext/junit-3.8.2.jar:/encs/pkg/openesb-3.0.5/root/OE-Studio/netbeans/java/modules/ext/jaxws22/api/saaj-api.jar:/encs/pkg/openesb-3.0.5/root/OE-Studio/netbeans/java/modules/ext/jaxws22/saaj-impl.jar:/encs/pkg/openesb-3.0.5/root/OE-Studio/netbeans/java/modules/ext/jaxws22/FastInfoset.jar:/encs/pkg/openesb-3.0.5/root/OE-Studio/netbeans/ide/modules/org-netbeans-modules-editor-lib.jar:/encs/pkg/openesb-3.0.5/root/OE-Studio/netbeans/ide/modules/org-netbeans-modules-editor.jar:/encs/pkg/openesb-3.0.5/root/OE-Studio/netbeans/ide/modules/org-netbeans-modules-editor-deprecated-pre65formatting.jar:/encs/pkg/openesb-3.0.5/root/OE-Studio/netbeans/ide/modules/org-netbeans-modules-editor-util.jar:/encs/pkg/openesb-3.0.5/root/OE-Studio/netbeans/ide/modules/org-netbeans-modules-editor-lib2.jar:/encs/pkg/openesb-3.0.5/root/OE-Studio/netbeans/ide/modules/org-netbeans-modules-editor-indent.jar:/encs/pkg/openesb-3.0.5/root/OE-Studio/netbeans/ide/modules/org-netbeans-modules-editor-plain.jar:/encs/pkg/openesb-3.0.5/root/OE-Studio/netbeans/ide/modules/org-netbeans-modules-editor-plain-lib.jar:/encs/pkg/openesb-3.0.5/root/OE-Studio/netbeans/ide/modules/org-netbeans-modules-editor-settings.jar:/encs/pkg/openesb-3.0.5/root/OE-Studio/netbeans/ide/modules/org-netbeans-modules-editor-settings-storage.jar:/encs/pkg/openesb-3.0.5/root/OE-Studio/netbeans/ide/modules/org-netbeans-modules-lexer.jar:/encs/pkg/openesb-3.0.5/root/OE-Studio/netbeans/ide/modules/org-netbeans-modules-xml-core.jar:/encs/pkg/openesb-3.0.5/root/OE-Studio/netbeans/ide/modules/org-netbeans-modules-xml-lexer.jar:/encs/pkg/openesb-3.0.5/root/OE-Studio/netbeans/ide/modules/org-netbeans-modules-xml-text.jar:/encs/pkg/openesb-3.0.5/root/OE-Studio/netbeans/ide/modules/org-netbeans-modules-xml-xdm.jar:/encs/pkg/openesb-3.0.5/root/OE-Studio/netbeans/ide/modules/org-netbeans-modules-xml-xam.jar:/encs/pkg/openesb-3.0.5/root/OE-Studio/netbeans/ide/modules/org-netbeans-modules-csl-api.jar:/encs/pkg/openesb-3.0.5/root/OE-Studio/netbeans/ide/modules/ext/jaxb/activation.jar:/encs/pkg/openesb-3.0.5/root/OE-Studio/netbeans/platform/lib/org-openide-modules.jar:/encs/pkg/openesb-3.0.5/root/OE-Studio/netbeans/platform/lib/org-openide-util.jar:/encs/pkg/openesb-3.0.5/root/OE-Studio/netbeans/platform/lib/org-openide-util-lookup.jar:/encs/pkg/openesb-3.0.5/root/OE-Studio/netbeans/platform/modules/org-openide-awt.jar:/encs/pkg/openesb-3.0.5/root/OE-Studio/netbeans/platform/modules/org-openide-options.jar:/encs/pkg/openesb-3.0.5/root/OE-Studio/netbeans/platform/modules/org-openide-text.jar:/encs/pkg/openesb-3.0.5/root/OE-Studio/netbeans/platform/modules/org-openide-loaders.jar:/encs/pkg/openesb-3.0.5/root/OE-Studio/netbeans/platform/modules/org-openide-nodes.jar:/encs/pkg/openesb-3.0.5/root/OE-Studio/netbeans/platform/modules/org-netbeans-modules-editor-mimelookup.jar:/encs/pkg/openesb-3.0.5/root/OE-Studio/netbeans/platform/modules/org-netbeans-modules-editor-mimelookup-impl.jar:/encs/pkg/openesb-3.0.5/root/OE-Studio/netbeans/platform/core/org-openide-filesystems.jar:/encs/pkg/openesb-3.0.5/root/OE-Studio/netbeans/platform/modules/org-netbeans-modules-keyring.jar:/encs/pkg/openesb-3.0.5/root/OE-Studio/netbeans/platform/modules/org-openide-dialogs.jar:/encs/pkg/openesb-3.0.5/root/OE-Studio/netbeans/extide/ant/lib/ant-launcher.jar:/encs/pkg/openesb-3.0.5/root/OE-Studio/netbeans/extide/ant/lib/ant.jar:/encs/pkg/openesb-3.0.5/root/OE-Studio/netbeans/extide/ant/lib/ant-junit.jar:/encs/pkg/openesb-3.0.5/root/OE-Studio/netbeans/extide/ant/lib/ant-junit4.jar" />
    <property name="jbi.content.component" value="sun-bpel-engine" />
    <property name="libs.absolutelayout.src" value="" />
    <property name="libs.jpa20-persistence.classpath" value="/encs/pkg/openesb-3.0.5/root/OE-Studio/netbeans/java/modules/ext/eclipselink/javax.persistence_2.1.0.v201304241213.jar" />
    <property name="os.version" value="3.10.0-693.21.1.el7.x86_64" />
    <property name="libs.javaee-api-7.0.maven-pom" value="" />
    <property name="sun.awt.enableExtraMouseButtons" value="true" />
    <property name="sun.desktop" value="gnome" />
    <property name="libs.PojoSELib.maven-pom" value="" />
    <property name="libs.hibernate4-persistence.src" value="" />
    <property name="libs.hibernate4-support.maven-pom" value="" />
    <property name="libs.restlib.javadoc" value="" />
    <property name="libs.JAXB-ENDORSED.classpath" value="/encs/pkg/openesb-3.0.5/root/OE-Studio/netbeans/ide/modules/ext/jaxb/api/jaxb-api.jar" />
    <property name="libs.javaee-api-7.0.javadoc" value="/encs/pkg/openesb-3.0.5/root/OE-Studio/netbeans/enterprise/docs/javaee-doc-api.jar" />
    <property name="libs.eclipselink.classpath" value="/encs/pkg/openesb-3.0.5/root/OE-Studio/netbeans/java/modules/ext/eclipselink/eclipselink.jar:/encs/pkg/openesb-3.0.5/root/OE-Studio/netbeans/java/modules/ext/eclipselink/javax.persistence_2.1.0.v201304241213.jar:/encs/pkg/openesb-3.0.5/root/OE-Studio/netbeans/java/modules/ext/eclipselink/org.eclipse.persistence.jpa.jpql_2.5.2.v20140319-9ad6abd.jar" />
    <property name="libs.beans-binding.javadoc" value="/encs/pkg/openesb-3.0.5/root/OE-Studio/netbeans/java/docs/beansbinding-1.2.1-doc.zip" />
    <property name="java.awt.graphicsenv" value="sun.awt.X11GraphicsEnvironment" />
    <property name="java.vm.vendor" value="Oracle Corporation" />
    <property name="libs.CopyLibs.classpath" value="/encs/pkg/openesb-3.0.5/root/OE-Studio/netbeans/java/ant/extra/org-netbeans-modules-java-j2seproject-copylibstask.jar" />
    <property name="libs.spring-framework300.classpath" value="/encs/pkg/openesb-3.0.5/root/OE-Studio/netbeans/ide/modules/org-apache-commons-logging.jar:/encs/pkg/openesb-3.0.5/root/OE-Studio/netbeans/java/modules/ext/cglib-2.2.jar:/encs/pkg/openesb-3.0.5/root/OE-Studio/netbeans/java/modules/ext/spring-3.0/spring-aop-3.2.7.RELEASE.jar:/encs/pkg/openesb-3.0.5/root/OE-Studio/netbeans/java/modules/ext/spring-3.0/spring-aspects-3.2.7.RELEASE.jar:/encs/pkg/openesb-3.0.5/root/OE-Studio/netbeans/java/modules/ext/spring-3.0/spring-beans-3.2.7.RELEASE.jar:/encs/pkg/openesb-3.0.5/root/OE-Studio/netbeans/java/modules/ext/spring-3.0/spring-build-src-3.2.7.RELEASE.jar:/encs/pkg/openesb-3.0.5/root/OE-Studio/netbeans/java/modules/ext/spring-3.0/spring-context-3.2.7.RELEASE.jar:/encs/pkg/openesb-3.0.5/root/OE-Studio/netbeans/java/modules/ext/spring-3.0/spring-context-support-3.2.7.RELEASE.jar:/encs/pkg/openesb-3.0.5/root/OE-Studio/netbeans/java/modules/ext/spring-3.0/spring-core-3.2.7.RELEASE.jar:/encs/pkg/openesb-3.0.5/root/OE-Studio/netbeans/java/modules/ext/spring-3.0/spring-expression-3.2.7.RELEASE.jar:/encs/pkg/openesb-3.0.5/root/OE-Studio/netbeans/java/modules/ext/spring-3.0/spring-framework-bom-3.2.7.RELEASE.jar:/encs/pkg/openesb-3.0.5/root/OE-Studio/netbeans/java/modules/ext/spring-3.0/spring-instrument-3.2.7.RELEASE.jar:/encs/pkg/openesb-3.0.5/root/OE-Studio/netbeans/java/modules/ext/spring-3.0/spring-instrument-tomcat-3.2.7.RELEASE.jar:/encs/pkg/openesb-3.0.5/root/OE-Studio/netbeans/java/modules/ext/spring-3.0/spring-jdbc-3.2.7.RELEASE.jar:/encs/pkg/openesb-3.0.5/root/OE-Studio/netbeans/java/modules/ext/spring-3.0/spring-jms-3.2.7.RELEASE.jar:/encs/pkg/openesb-3.0.5/root/OE-Studio/netbeans/java/modules/ext/spring-3.0/spring-orm-3.2.7.RELEASE.jar:/encs/pkg/openesb-3.0.5/root/OE-Studio/netbeans/java/modules/ext/spring-3.0/spring-oxm-3.2.7.RELEASE.jar:/encs/pkg/openesb-3.0.5/root/OE-Studio/netbeans/java/modules/ext/spring-3.0/spring-struts-3.2.7.RELEASE.jar:/encs/pkg/openesb-3.0.5/root/OE-Studio/netbeans/java/modules/ext/spring-3.0/spring-test-3.2.7.RELEASE.jar:/encs/pkg/openesb-3.0.5/root/OE-Studio/netbeans/java/modules/ext/spring-3.0/spring-tx-3.2.7.RELEASE.jar:/encs/pkg/openesb-3.0.5/root/OE-Studio/netbeans/java/modules/ext/spring-3.0/spring-web-3.2.7.RELEASE.jar:/encs/pkg/openesb-3.0.5/root/OE-Studio/netbeans/java/modules/ext/spring-3.0/spring-webmvc-3.2.7.RELEASE.jar:/encs/pkg/openesb-3.0.5/root/OE-Studio/netbeans/java/modules/ext/spring-3.0/spring-webmvc-portlet-3.2.7.RELEASE.jar" />
    <property name="libs.jsp-compiler.maven-pom" value="" />
    <property name="libs.Encoder-COCO.classpath" value="/encs/pkg/openesb-3.0.5/root/OE-Studio/netbeans/soa/modules/ext/coco.jar:/encs/pkg/openesb-3.0.5/root/OE-Studio/netbeans/soa/modules/ext/cocoencoder-xsdextension.jar" />
    <property name="libs.hibernate4-persistence.classpath" value="/encs/pkg/openesb-3.0.5/root/OE-Studio/netbeans/java/modules/ext/hibernate4/antlr-2.7.7.jar:/encs/pkg/openesb-3.0.5/root/OE-Studio/netbeans/java/modules/ext/hibernate4/c3p0-0.9.2.1.jar:/encs/pkg/openesb-3.0.5/root/OE-Studio/netbeans/java/modules/ext/hibernate4/hibernate-c3p0-4.3.1.Final.jar:/encs/pkg/openesb-3.0.5/root/OE-Studio/netbeans/java/modules/ext/hibernate4/mchange-commons-java-0.2.3.4.jar:/encs/pkg/openesb-3.0.5/root/OE-Studio/netbeans/java/modules/ext/hibernate4/dom4j-1.6.1.jar:/encs/pkg/openesb-3.0.5/root/OE-Studio/netbeans/java/modules/ext/hibernate4/ehcache-core-2.4.3.jar:/encs/pkg/openesb-3.0.5/root/OE-Studio/netbeans/java/modules/ext/hibernate4/hibernate-ehcache-4.3.1.Final.jar:/encs/pkg/openesb-3.0.5/root/OE-Studio/netbeans/java/modules/ext/hibernate4/hibernate-core-4.3.1.Final.jar:/encs/pkg/openesb-3.0.5/root/OE-Studio/netbeans/java/modules/ext/hibernate4/jboss-logging-3.1.3.GA.jar:/encs/pkg/openesb-3.0.5/root/OE-Studio/netbeans/java/modules/ext/hibernate4/hibernate-commons-annotations-4.0.4.Final.jar:/encs/pkg/openesb-3.0.5/root/OE-Studio/netbeans/java/modules/ext/hibernate4/hibernate-entitymanager-4.3.1.Final.jar:/encs/pkg/openesb-3.0.5/root/OE-Studio/netbeans/java/modules/ext/hibernate4/javassist-3.18.1-GA.jar:/encs/pkg/openesb-3.0.5/root/OE-Studio/netbeans/java/modules/ext/hibernate4/jboss-transaction-api_1.2_spec-1.0.0.Final.jar:/encs/pkg/openesb-3.0.5/root/OE-Studio/netbeans/java/modules/ext/hibernate4/slf4j-api-1.6.1.jar:/encs/pkg/openesb-3.0.5/root/OE-Studio/netbeans/java/modules/ext/hibernate4/slf4j-simple-1.6.1.jar:/encs/pkg/openesb-3.0.5/root/OE-Studio/netbeans/java/modules/ext/hibernate4/hibernate-jpa-2.1-api-1.0.0.Final.jar" />
    <property name="libs.JAXB-ENDORSED.src" value="" />
    <property name="libs.testng.javadoc" value="/encs/pkg/openesb-3.0.5/root/OE-Studio/netbeans/platform/docs/testng-6.8.1-javadoc.zip" />
    <property name="libs.PostgreSQLDriver.classpath" value="/encs/pkg/openesb-3.0.5/root/OE-Studio/netbeans/ide/modules/ext/postgresql-9.2-1002.jdbc4.jar" />
    <property name="libs.jsf12.maven-pom" value="" />
    <property name="soa.module.install.dir" value="/encs/pkg/openesb-3.0.5/root/OE-Studio/netbeans/soa/modules" />
    <property name="libs.hibernate4-persistencemodelgen.classpath" value="/encs/pkg/openesb-3.0.5/root/OE-Studio/netbeans/java/modules/ext/hibernate4/hibernate-jpamodelgen-4.3.1.Final.jar" />
    <property name="libs.Encoder-Custom.src" value="" />
    <property name="libs.junit.src" value="" />
    <property name="libs.CopyLibs.src" value="" />
    <property name="build.dir" value="build" />
    <property name="libs.jsp-compilation.classpath" value="/encs/pkg/openesb-3.0.5/root/OE-Studio/netbeans/extide/ant/lib/ant.jar:/encs/pkg/openesb-3.0.5/root/OE-Studio/netbeans/enterprise/modules/ext/servlet3.1-jsp2.3-api.jar:/encs/pkg/openesb-3.0.5/root/OE-Studio/netbeans/enterprise/modules/ext/glassfish-jspparser-4.0.jar:/encs/pkg/openesb-3.0.5/root/OE-Studio/netbeans/enterprise/modules/ext/jsf-2_2/javax.faces.jar:/encs/pkg/openesb-3.0.5/root/OE-Studio/netbeans/enterprise/modules/ext/jstl-api.jar:/encs/pkg/openesb-3.0.5/root/OE-Studio/netbeans/extide/ant/lib/ant-launcher.jar" />
    <property name="ant.version" value="Apache Ant(TM) version 1.9.4 compiled on April 29 2014" />
    <property name="file.encoding" value="UTF-8" />
    <property name="libs.spring-webmvc4.0.classpath" value="/encs/pkg/openesb-3.0.5/root/OE-Studio/netbeans/java/modules/ext/spring-4/spring-webmvc-4.0.1.RELEASE.jar" />
    <property name="awt.toolkit" value="sun.awt.X11.XToolkit" />
    <property name="libs.javaee-web-api-7.0.javadoc" value="/encs/pkg/openesb-3.0.5/root/OE-Studio/netbeans/enterprise/docs/javaee-doc-api.jar" />
  </properties>
  <testcase classname="org.netbeans.modules.compapp.catd.ConfiguredTest" name="TestCase1" time="0.658" />
  <system-out><![CDATA[GenerateATSOutput=${generate.ats.output}
NetBeansUserDir=/groups/j/ji_soen487_4/aa
ServerPassword=admin
awt.toolkit=sun.awt.X11.XToolkit
file.encoding=UTF-8
file.encoding.pkg=sun.io
file.separator=/
inDebug=${inDebug}
java.awt.graphicsenv=sun.awt.X11GraphicsEnvironment
java.awt.headless=${java.awt.headless}
java.awt.printerjob=sun.print.PSPrinterJob
java.class.path=/encs/pkg/openesb-3.0.5/root/OE-Studio/netbeans/soa/modules/org-netbeans-modules-compapp-manager-jbi.jar:/encs/pkg/openesb-3.0.5/root/OE-Studio/netbeans/soa/modules/org-netbeans-modules-compapp-projects-jbi.jar:/encs/pkg/openesb-3.0.5/root/OE-Studio/netbeans/soa/modules/ext/jbi-admin-common.jar:/encs/pkg/openesb-3.0.5/root/OE-Studio/netbeans/soa/modules/ext/catd.jar:/encs/pkg/openesb-3.0.5/root/OE-Studio/netbeans/java/modules/ext/junit-3.8.2.jar:/encs/pkg/openesb-3.0.5/root/OE-Studio/netbeans/java/modules/ext/jaxws22/api/saaj-api.jar:/encs/pkg/openesb-3.0.5/root/OE-Studio/netbeans/java/modules/ext/jaxws22/saaj-impl.jar:/encs/pkg/openesb-3.0.5/root/OE-Studio/netbeans/java/modules/ext/jaxws22/FastInfoset.jar:/encs/pkg/openesb-3.0.5/root/OE-Studio/netbeans/ide/modules/org-netbeans-modules-editor-lib.jar:/encs/pkg/openesb-3.0.5/root/OE-Studio/netbeans/ide/modules/org-netbeans-modules-editor.jar:/encs/pkg/openesb-3.0.5/root/OE-Studio/netbeans/ide/modules/org-netbeans-modules-editor-deprecated-pre65formatting.jar:/encs/pkg/openesb-3.0.5/root/OE-Studio/netbeans/ide/modules/org-netbeans-modules-editor-util.jar:/encs/pkg/openesb-3.0.5/root/OE-Studio/netbeans/ide/modules/org-netbeans-modules-editor-lib2.jar:/encs/pkg/openesb-3.0.5/root/OE-Studio/netbeans/ide/modules/org-netbeans-modules-editor-indent.jar:/encs/pkg/openesb-3.0.5/root/OE-Studio/netbeans/ide/modules/org-netbeans-modules-editor-plain.jar:/encs/pkg/openesb-3.0.5/root/OE-Studio/netbeans/ide/modules/org-netbeans-modules-editor-plain-lib.jar:/encs/pkg/openesb-3.0.5/root/OE-Studio/netbeans/ide/modules/org-netbeans-modules-editor-settings.jar:/encs/pkg/openesb-3.0.5/root/OE-Studio/netbeans/ide/modules/org-netbeans-modules-editor-settings-storage.jar:/encs/pkg/openesb-3.0.5/root/OE-Studio/netbeans/ide/modules/org-netbeans-modules-lexer.jar:/encs/pkg/openesb-3.0.5/root/OE-Studio/netbeans/ide/modules/org-netbeans-modules-xml-core.jar:/encs/pkg/openesb-3.0.5/root/OE-Studio/netbeans/ide/modules/org-netbeans-modules-xml-lexer.jar:/encs/pkg/openesb-3.0.5/root/OE-Studio/netbeans/ide/modules/org-netbeans-modules-xml-text.jar:/encs/pkg/openesb-3.0.5/root/OE-Studio/netbeans/ide/modules/org-netbeans-modules-xml-xdm.jar:/encs/pkg/openesb-3.0.5/root/OE-Studio/netbeans/ide/modules/org-netbeans-modules-xml-xam.jar:/encs/pkg/openesb-3.0.5/root/OE-Studio/netbeans/ide/modules/org-netbeans-modules-csl-api.jar:/encs/pkg/openesb-3.0.5/root/OE-Studio/netbeans/ide/modules/ext/jaxb/activation.jar:/encs/pkg/openesb-3.0.5/root/OE-Studio/netbeans/platform/lib/org-openide-modules.jar:/encs/pkg/openesb-3.0.5/root/OE-Studio/netbeans/platform/lib/org-openide-util.jar:/encs/pkg/openesb-3.0.5/root/OE-Studio/netbeans/platform/lib/org-openide-util-lookup.jar:/encs/pkg/openesb-3.0.5/root/OE-Studio/netbeans/platform/modules/org-openide-awt.jar:/encs/pkg/openesb-3.0.5/root/OE-Studio/netbeans/platform/modules/org-openide-options.jar:/encs/pkg/openesb-3.0.5/root/OE-Studio/netbeans/platform/modules/org-openide-text.jar:/encs/pkg/openesb-3.0.5/root/OE-Studio/netbeans/platform/modules/org-openide-loaders.jar:/encs/pkg/openesb-3.0.5/root/OE-Studio/netbeans/platform/modules/org-openide-nodes.jar:/encs/pkg/openesb-3.0.5/root/OE-Studio/netbeans/platform/modules/org-netbeans-modules-editor-mimelookup.jar:/encs/pkg/openesb-3.0.5/root/OE-Studio/netbeans/platform/modules/org-netbeans-modules-editor-mimelookup-impl.jar:/encs/pkg/openesb-3.0.5/root/OE-Studio/netbeans/platform/core/org-openide-filesystems.jar:/encs/pkg/openesb-3.0.5/root/OE-Studio/netbeans/platform/modules/org-netbeans-modules-keyring.jar:/encs/pkg/openesb-3.0.5/root/OE-Studio/netbeans/platform/modules/org-openide-dialogs.jar:/encs/pkg/openesb-3.0.5/root/OE-Studio/netbeans/extide/ant/lib/ant-launcher.jar:/encs/pkg/openesb-3.0.5/root/OE-Studio/netbeans/extide/ant/lib/ant.jar:/encs/pkg/openesb-3.0.5/root/OE-Studio/netbeans/extide/ant/lib/ant-junit.jar:/encs/pkg/openesb-3.0.5/root/OE-Studio/netbeans/extide/ant/lib/ant-junit4.jar
java.class.version=52.0
java.endorsed.dirs=/nfs/encs/ArchDep/x86_64.EL7/pkg/jdk_64b-8u161/root/jre/lib/endorsed
java.ext.dirs=/nfs/encs/ArchDep/x86_64.EL7/pkg/jdk_64b-8u161/root/jre/lib/ext:/usr/java/packages/lib/ext
java.home=/nfs/encs/ArchDep/x86_64.EL7/pkg/jdk_64b-8u161/root/jre
java.io.tmpdir=/tmp
java.library.path=/encs/pkg/jdk-8/root/bin/../jre/lib/amd64:/encs/pkg/jdk-8/root/bin/../jre/lib/i386::/usr/java/packages/lib/amd64:/usr/lib64:/lib64:/lib:/usr/lib
java.runtime.name=Java(TM) SE Runtime Environment
java.runtime.version=1.8.0_161-b12
java.specification.name=Java Platform API Specification
java.specification.vendor=Oracle Corporation
java.specification.version=1.8
java.vendor=Oracle Corporation
java.vendor.url=http://java.oracle.com/
java.vendor.url.bug=http://bugreport.sun.com/bugreport/
java.version=1.8.0_161
java.vm.info=mixed mode
java.vm.name=Java HotSpot(TM) 64-Bit Server VM
java.vm.specification.name=Java Virtual Machine Specification
java.vm.specification.vendor=Oracle Corporation
java.vm.specification.version=1.8
java.vm.vendor=Oracle Corporation
java.vm.version=25.161-b12
line.separator=

org.netbeans.modules.compapp.catd.context=
os.arch=amd64
os.name=Linux
os.version=3.10.0-693.21.1.el7.x86_64
path.separator=:
sun.arch.data.model=64
sun.boot.class.path=/nfs/encs/ArchDep/x86_64.EL7/pkg/jdk_64b-8u161/root/jre/lib/resources.jar:/nfs/encs/ArchDep/x86_64.EL7/pkg/jdk_64b-8u161/root/jre/lib/rt.jar:/nfs/encs/ArchDep/x86_64.EL7/pkg/jdk_64b-8u161/root/jre/lib/sunrsasign.jar:/nfs/encs/ArchDep/x86_64.EL7/pkg/jdk_64b-8u161/root/jre/lib/jsse.jar:/nfs/encs/ArchDep/x86_64.EL7/pkg/jdk_64b-8u161/root/jre/lib/jce.jar:/nfs/encs/ArchDep/x86_64.EL7/pkg/jdk_64b-8u161/root/jre/lib/charsets.jar:/nfs/encs/ArchDep/x86_64.EL7/pkg/jdk_64b-8u161/root/jre/lib/jfr.jar:/nfs/encs/ArchDep/x86_64.EL7/pkg/jdk_64b-8u161/root/jre/classes
sun.boot.library.path=/nfs/encs/ArchDep/x86_64.EL7/pkg/jdk_64b-8u161/root/jre/lib/amd64
sun.cpu.endian=little
sun.cpu.isalist=
sun.desktop=gnome
sun.io.unicode.encoding=UnicodeLittle
sun.java.command=org.apache.tools.ant.taskdefs.optional.junit.JUnitTestRunner org.netbeans.modules.compapp.catd.ConfiguredTest skipNonTests=false filtertrace=true haltOnError=false haltOnFailure=false showoutput=true outputtoformatters=true logfailedtests=true threadid=0 logtestlistenerevents=true formatter=org.apache.tools.ant.taskdefs.optional.junit.BriefJUnitResultFormatter formatter=org.apache.tools.ant.taskdefs.optional.junit.XMLJUnitResultFormatter,/nfs/home/s/s_jashan/NetBeansProjects/AirportInfoServicesCA/test/results/TEST-org.netbeans.modules.compapp.catd.ConfiguredTest.xml crashfile=/tmp/junitvmwatcher2739814121335739069.properties propsfile=/tmp/junit2434206724962661040.properties
sun.java.launcher=SUN_STANDARD
sun.jnu.encoding=UTF-8
sun.management.compiler=HotSpot 64-Bit Tiered Compilers
sun.os.patch.level=unknown
user.country=CA
user.dir=/nfs/home/s/s_jashan/NetBeansProjects/AirportInfoServicesCA
user.home=/home/s/s_jashan
user.language=en
user.name=s_jashan
user.timezone=America/Montreal
Test TestCase1\Concurrent.properties Passed. Threads count Success: <1> Error: <0> Not completed: <0>
]]></system-out>
  <system-err><![CDATA[]]></system-err>
</testsuite>
